<?xml version="1.0" encoding="UTF-8"?>
<testng-results ignored="0" total="1" passed="1" failed="0" skipped="0">
  <reporter-output>
  </reporter-output>
  <suite started-at="2021-10-13T16:56:56 IST" name="Default suite" finished-at="2021-10-13T16:57:06 IST" duration-ms="10662">
    <groups>
    </groups>
    <test started-at="2021-10-13T16:56:56 IST" name="Default test" finished-at="2021-10-13T16:57:06 IST" duration-ms="10662">
      <class name="io.test.TakeScreenTest">
        <test-method signature="scren()[pri:0, instance:io.test.TakeScreenTest@19d481b]" started-at="2021-10-13T16:56:56 IST" name="scren" finished-at="2021-10-13T16:57:06 IST" duration-ms="10595" status="PASS">
          <reporter-output>
          </reporter-output>
        </test-method> <!-- scren -->
      </class> <!-- io.test.TakeScreenTest -->
    </test> <!-- Default test -->
  </suite> <!-- Default suite -->
</testng-results>
